<?xml version="1.0" encoding="UTF-8"?>
<!-- Generated by org.testng.reporters.JUnitXMLReporter -->
<testsuite hostname="DESKTOP-84BCDDP" ignored="0" name="Test" tests="2" failures="0" timestamp="23 Oct 2017 16:18:30 GMT" time="76.568" errors="0">
  <testcase name="@BeforeClass setUp" time="76.484" classname="portalvalidation.ProfileLink">
    <failure type="org.openqa.selenium.TimeoutException" message="Error loading page, timed out (onDOMContentLoaded)
Build info: version: &amp;apos;3.0.1&amp;apos;, revision: &amp;apos;1969d75&amp;apos;, time: &amp;apos;2016-10-18 09:49:13 -0700&amp;apos;
System info: host: &amp;apos;DESKTOP-84BCDDP&amp;apos;, ip: &amp;apos;192.168.56.1&amp;apos;, os.name: &amp;apos;Windows 10&amp;apos;, os.arch: &amp;apos;amd64&amp;apos;, os.version: &amp;apos;10.0&amp;apos;, java.version: &amp;apos;1.8.0_121&amp;apos;
Driver info: org.openqa.selenium.firefox.FirefoxDriver
Capabilities [{moz:profile=C:\Users\User\AppData\Local\Temp\rust_mozprofile.N8uHgioqphu4, rotatable=false, timeouts={implicit=0, page load=300000, script=30000}, pageLoadStrategy=normal, platform=ANY, specificationLevel=0, moz:accessibilityChecks=false, acceptInsecureCerts=false, browserVersion=52.0, platformVersion=10.0, moz:processID=952, browserName=firefox, platformName=windows_nt}]
Session ID: a2c32352-146c-46de-bf3a-56cbad3fadd2">
      <![CDATA[org.openqa.selenium.TimeoutException: Error loading page, timed out (onDOMContentLoaded)
Build info: version: '3.0.1', revision: '1969d75', time: '2016-10-18 09:49:13 -0700'
System info: host: 'DESKTOP-84BCDDP', ip: '192.168.56.1', os.name: 'Windows 10', os.arch: 'amd64', os.version: '10.0', java.version: '1.8.0_121'
Driver info: org.openqa.selenium.firefox.FirefoxDriver
Capabilities [{moz:profile=C:\Users\User\AppData\Local\Temp\rust_mozprofile.N8uHgioqphu4, rotatable=false, timeouts={implicit=0, page load=300000, script=30000}, pageLoadStrategy=normal, platform=ANY, specificationLevel=0, moz:accessibilityChecks=false, acceptInsecureCerts=false, browserVersion=52.0, platformVersion=10.0, moz:processID=952, browserName=firefox, platformName=windows_nt}]
Session ID: a2c32352-146c-46de-bf3a-56cbad3fadd2
	at org.openqa.selenium.remote.http.W3CHttpResponseCodec.createException(W3CHttpResponseCodec.java:127)
	at org.openqa.selenium.remote.http.W3CHttpResponseCodec.decode(W3CHttpResponseCodec.java:93)
	at org.openqa.selenium.remote.http.W3CHttpResponseCodec.decode(W3CHttpResponseCodec.java:42)
	at org.openqa.selenium.remote.HttpCommandExecutor.execute(HttpCommandExecutor.java:163)
	at org.openqa.selenium.remote.service.DriverCommandExecutor.execute(DriverCommandExecutor.java:82)
	at org.openqa.selenium.remote.RemoteWebDriver.execute(RemoteWebDriver.java:601)
	at org.openqa.selenium.remote.RemoteWebDriver.get(RemoteWebDriver.java:322)
	at portalvalidation.ProfileLink.setUp(ProfileLink.java:52)
... Removed 32 stack frames]]>
    </failure>
  </testcase> <!-- @BeforeClass setUp -->
  <testcase name="@AfterClass shutDownSelenium" time="0.0" classname="portalvalidation.ProfileLink">
    <skipped/>
  </testcase> <!-- @AfterClass shutDownSelenium -->
  <testcase name="testUsingExcel" time="0.0" classname="portalvalidation.ProfileLink">
    <skipped/>
  </testcase> <!-- testUsingExcel -->
  <testcase name="testUsingExcel" time="0.0" classname="portalvalidation.ProfileLink">
    <skipped/>
  </testcase> <!-- testUsingExcel -->
</testsuite> <!-- Test -->
